*$Header:$
****************************************************************************
*
*                   Copyright (C) 1993 Quantum Corporation
*                            ALL RIGHTS RESERVED
*
*
*       Project Name:   DIAGS and other PROCESS Applications
*    Project Purpose:   Application Program to Drive Interface
*
*
*        Module Name:   DAYTONA.ERR
*     Module Purpose:   DAYTONA -- Error Code to English Translation
*      PVCS $Logfile:   N:\daytona\daytona.erv  $  
*  Current $Revision:   1.1  $
*     Revision $Date:   28 Nov 1993 14:52:54  $
*   Revision $Author:   ALIN  $
*
*
*     Current Author:   Lance Beazley
*         
*
* Version Released + to Documentation Control
*                  |
*    Date          |  Ver.    Name    Comments
*    --------      |  ----    ----    ------------------------------------
*    xx/xx/xx <----+->     
*
*#########################################################################*
*### VERSION CONTROL REVISION LOG ########################################*
*
*   $Log:$
* 
*
*
*#########################################################################*
*
* Create date: 01/15/93
*
* UZI Family Error Code data file for use with:
*                                     
*                              Program        Version
*                            -------------   ---------
*                               SCSIDIAG       3.00  (or later)
*                               ATADIAG        3.10  (or later)
*
*
* ERROR FILE RULES are as follows:
*
*    error <iec>,<key>,<code>,<qual>,<pkey> <english description>
*
* Where:
*
* 1. Comment lines start with an '*' in the first column. All other lines
*    that do not start with the word 'error' are ignored as well.
*
* 2. Error code lines start with the word 'error' in the first column. Case
*    is not significant. Following the key word 'error' are the drive's 
*    internal error code <iec>, the corresponding SCSI <key>, <code> and 
*    qualifier <qual>, the process control key <pkey> and an English 
*    description of the error. All numbers are seperated by commas. There is 
*    only white space between 'error' and the internal error code and between
*    the process control key and the English description. The description 
*    string may be an arbitrary length but most applications truncate it 
*    around 40 characters. A new line or tab delimits the far end of the 
*    string.
*
* 3. Error codes are not required to be in any order, however, most 
*    applications perform a linear search through the error code list that
*    is generated from this file so it can be faster if you put more common
*    codes at the top.
*
*#########################################################################*



  Key Word 'error'  (must start in first column)
  |
  |     Drive Internal Error Code  (AKA as AT Extended)
  |     |
  |     |   SCSI Sense Key
  |     |   |
  |     |   |  SCSI Sense Code
  |     |   |  |
  |     |   |  |  SCSI Sense Code Qualifier
  |     |   |  |  |
  |     |   |  |  |   Process Control Key
  |     |   |  |  |   |
  |     |   |  |  |   |   Error Code Description
  |     |   |  |  |   |   |                           
  |     |   |  |  |   |   |        10        20        30         40        50
*-V-----V---V--V--V---V---V--------v---------v---------v----------v---------v
error   0,  0,00,00,  0   No Error detected at Drive level
error   1,  4,01,00,  0   No index signal error
error   2,  4,98,00,  0   Timeout in settling
error   3,  3,03,00,  0   Write fault (Servo)
error   4,  1,02,00,  0   Recovered seek timeout error
error   5,  4,06,00,  0   Recalibrate failure
error   6, FF,FF,FF,  0   Unknown error code
error   7,  1,06,00,  0   Recovered prediction update error
error   8,  3,11,00,  0   Unrecoverable data field ECC error
error   9,  1,17,00,  0   Data error recovered with retries
error   A,  4,99,00,  0   Bump retry counter expired
error   B,  6,9A,00,  0   A target attempted to re-select
error   C,  3,13,00,  0   Data field sync timeout
error   D,  1,13,00,  0   Recovered data field sync timeout
error   E,  3,14,00,  0   No record found
error   F,  1,14,00,  0   Recovered no record found
error  10,  4,15,00,  0   Seek error
error  11,  1,15,00,  0   Recovered seek error
error  12,  3,16,00,  0   Data sync or marker not found
error  13,  1,16,00,  0   Recovered data sync or marker not found
error  14,  1,18,00,  0   Recovered data error via ECC w/2 = syndromes
error  15,  1,18,00,  0   Recovered data error via ECC on last retry
error  16,  3,19,00,  0   Bad defect list
error  17,  5,1A,00,  0   Parameter overrun
error  18,  4,1B,00,  0   Synchronous transfer error
error  19,  3,1C,00,  0   No primary defect list found
error  1A,  5,9B,00,  0   Invalid period or offset in synchronous message
error  1B,  5,9C,00,  0   Active initiator selected us while disconnected
error  1C,  5,20,00,  0   Invalid command
error  1D,  5,21,00,  0   Invalid LBA
error  1E,  5,22,00,  0   Invalid function requested
error  1F,  5,24,00,  0   Invalid bits set in CDB
error  20,  5,25,00,  0   Invalid LUN specified
error  21,  5,26,00,  0   Invalid fields in parameters
error  22,  4,9D,00,  0   Motor never gets up to speed
error  23,  6,29,00,  0   Reset occurred
error  24,  6,2A,00,  0   Mode select parameters were changed
error  25,  1,11,00,  0   Data error recovered with ECC on last retry
error  26,  1,11,00,  0   Data error recovered with ECC on last retry (PER)
error  27,  4,32,00,  0   Defect list is full
error  28,  4,40,00,  0   RAM error (diagnostic)
error  29,  B,40,00,  0   RAM parity error
error  2A, FF,FF,FF,  0   Unknown error code
error  2B, FF,FF,FF,  0   Power on diagnostic check
error  2C,  4,43,00,  0   Message reject error
error  2D,  B,87,00,  0   Logical assertion/firmware consistency check error
error  2E,  B,45,00,  0   Initiator did not reselect
error  2F,  4,9F,00,  0   Internal ROM checksum error
error  30,  B,47,00,  0   SCSI bus parity error
error  31,  B,48,00,  0   Initiator detected error
error  32,  4,A0,00,  0   External PROM checksum error
error  33,  3,80,00,  0   Error in writing to a system sector
error  34,  3,81,00,  0   Error in reading from a system sector
error  35,  4,9E,00,  0   Motor drops out of legal speed range
error  36,  1,9E,00,  0   Recovered motor out of speed range
error  37,  4,84,00,  0   Failure in writing to sequencer format table
error  38,  4,85,00,  0   Reject of message that should never have been sent
error  39,  4,86,00,  0   Uh Oh! Unexpected sequencer error
error  3A,  1,86,00,  0   Recovered unexpected sequencer error
error  3B,  B,00,00,  0   Response for Abort message
error  3C,  4,89,00,  0   Bad head amplifier
error  3D,  4,8A,00,  0   Head read from ID NOT equal to selected head
error  3E,  5,8A,00,  0   Invalid head specified
error  3F,  5,8B,00,  0   Invalid cylinder specified
error  40,  5,8C,00,  0   Attempt by intruding initiator to select drive a second time
error  41,  5,8D,00,  0   Bytes per block/bytes per sector gives a remainder
error  42,  6,8E,00,  0   Unexpected SIC interrupt occurred
error  43,  2,B0,00,  0   Drive is up to speed and recalibrating
error  44,  2,B1,00,  0   Drive is spinning up
error  45,  2,B2,00,  0   Drive has not been told to spin up
error  46,  3,32,00,  0   No more alternate sectors available
error  47,  5,8F,00,  0   Invalid sector specified
error  48,  4,90,00,  0   Synchronous acknowledge error
error  49,  4,91,00,  0   FIFO unload error
error  4A,  4,92,00,  0   FIFO load error
error  4B,  4,93,00,  0   FIFO predicted full error
error  4C,  4,94,00,  0   Uh Oh! Undocumented SPICY error!
error  4D,  4,95,00,  0   Sequencer timeout
error  4E,  1,95,00,  0   Recovered sequencer timeout
error  4F,  4,96,00,  0   Bump timeout
error  50,  1,96,00,  0   Recovered bump error
error  51,  E,1D,00,  0   Read Buffer miscompare
error  52,  4,A1,00,  0   Sequencer rollover register failure
error  53,  4,02,00,  0   Seek timeout error
error  54,  1,A2,00,  0   Recovered seek timeout
error  55,  3,A3,00,  0   Failure in reading sector in Reassign Blocks command
error  56,  5,AE,00,  0   Some parameter(s) in mode pages found BAD during INIT
error  57,  3,31,00,  0   Failed to write fill data pattern in Format Unit command
error  58,  3,10,00,  0   ID ECC error
error  59,  1,10,00,  0   Recovered ID ECC error
error  5A,  4,A7,00,  0   Timeout in offtrack recovery
error  5B,  3,12,00,  0   Address mark NOT found for ID field
error  5C,  1,12,00,  0   Recovered address mark NOT found for ID field
error  5D,  3,AA,00,  0   Reallocated (Uncorrectable) data read
error  5E,  1,AA,00,  0   Recovered reallocated (Uncorrectable) data read
error  5F,  1,AB,00,  0   Requested format not available for Read Defect Data
error  60,  1,98,00,  0   Recovered settle timeout error
error  61,  4,97,00,  0   Underrun error
error  62,  1,97,00,  0   Recovered underrun error
error  63,  4,06,00,  0   Recal Fault- TMO getting Burst Data CALC_SLOPE
error  64,  4,06,00,  0   Recal Fault- AEQBM <= Offset ValueCALC_SLP
error  65,  4,06,00,  0   Recal Fault- AEQBH > 0FFH CALC_SLP
error  66,  4,06,00,  0   Recal Fault- TMO getting Burst Data FINE_CALC_SLP
error  67,  4,06,00,  0   Recal Fault- AEQB not in rangeFINE_CALC_SLP
error  68,  4,06,00,  0   Recal Fault- AEQBH <= Mid Value FINE_CALC_SLP
error  69,  4,06,00,  0   Recal Fault- AEQBL >= Mid Value FINE_CALC_SLP
error  6A,  4,06,00,  0   Recal Fault- AEQBH & L too closeFINE_CALC_SLP
error  6B,  4,06,00,  0   Recal Fault- IF Slope >= 256CALC_KLTG
error  6C,  4,06,00,  0   Recal Fault- No SAM UN_PARKING
error  6D,  4,06,00,  0   Recal Fault- Seek Timeout in Recalibration
error  6E,  4,06,00,  0   Recal Fault- Timed Out getting Head Offsets
error  6F,  4,06,00,  0   Recal Fault- Physical heads found by recal do not match page 8
error  70, FF,FF,00,  0   Not used
error  71, FF,FF,00,  0   Not used
error  72, FF,FF,00,  0   Not used
error  73,  5,FF,00,  0   Bad sector number in Format Track descriptor list
error  74,  5,FF,00,  0   Bad descriptor in Format Track descriptor list
error  75,  3,14,00,  0   Bad Block mark set for ID (AT)
error  76,  4,AC,00,  0   Latch stuck open
error  77,  4,9C,00,  0   SelfScan spin-up timeout failure
error  78, FF,03,00,  0   Not used
error  79,  1,03,00,  0   Recovered write fault (WUS)
error  7A,  3,82,00,  0   ID CRC error, internal continuing processing
error  7B,  1,82,00,  0   Recovered ID CRC error, internal continuing processing
error  7C,  3,81,00,  0   Error in reading Diskware
error  7D,  3,81,00,  0   Resident Diskware checksum error
error  7E,  3,81,00,  0   Overlay Diskware checksum error
error  7F,  3,FF,FF,  0   Diskware short sector read error
error  80,  4,81,00,  0   ROM/Overlay Diskware incompatibility
error  81,  4,81,00,  0   ROM/Resident Diskware incompatibility
error  82,  4,81,00,  0   Resident/Overlay Diskware incompatibility
error  83,  3,03,00,  0   Write fault (Write gate & Wedge)
error  84,  1,03,00,  0   Recovered write fault (Write gate & Wedge)
error  85,  5,C2,00,  0   Not applicable Apple command for Lethal
error  86,  2,C0,00,  0   Apple Burn-In test in progress
error  87,  1,31,00,  0   Apple Medium Format corrupted
error  88,  5,49,00,  0   Invalid message error
error  89,  6,3F,01,  0   Diskware has been changed
error  8A,  3,3F,01,  0   Microcode download error

*  AT start-up errors

start  32,  Defect Table is Full
start  35,  Spindle motor
start  40,  Ram Error
start  63,  Time out getting burst data
start  64,  Offset Value out of Range
start  65,  Offset Value out of Range
start  66,  Timeout getting burst data
start  67,  A&B Burst Values out of Range
start  68,  A&B Burst Values out of Range
start  69,  A&B Burst Values out of Range
start  6a,  A&B Burst Values out of Range
start  6b,  A&B Burst Values out of Range
start  6c,  Unparked Failure
start  6d,  Recal Sk Timeout
start  6e,  Time out in getting head offsets
start  89,  Bad Head Amplifier
start  a0,  Eprom CheckSum Error

*  Drive variables list

vars   0,   NULLI
vars   1,   NULLI_SLP
vars   2,   NULLI_OFFS
vars   3,   SS_ERROR_FLAG
vars   4,   NOT_USED

vars   5,   FATAL_ERROR_CODE
vars   6,   REVISION
vars   7,   GENERIC_ERROR_BASE
vars   8,   NOT_USED
vars   9,   HEAD_OFFS_TBL

vars  10,   BITS2
vars  11,   HDA_FLAGS
vars  12,   MODE
vars  13,   RCL_ERROR_CODE
vars  14,   NORM_INDEX_TOUT

vars  15,   KLOOP
vars  16,   SERVO_STATUS
vars  17,   SERVO_STATUS
vars  18,   AEQBL
vars  19,   AEQBM

vars  20,   AEQBH
vars  21,   SLP
vars  22,   KLTG
vars  23,   AEQBL_TBL
vars  24,   AEQBM_TBL

vars  25,   AEQBH_TBL
vars  26,   NOT_USED
vars  27,   KLTG_TBL
vars  28,   ST_FF_ACL
vars  29,   ST_FF_DCL

vars  30,   FF_INT_IN
vars  31,   FF_INT_OUT
vars  32,   M_NULLI
vars  33,   B_NULLI
vars  34,   HEAD_MAP

vars  35,   BITS3
vars  36,   BUMP_COUNTER
vars  37,   PMETO
vars  38,   MEASURE_HO
vars  39,   DISKWARE_F1

vars  40,   AW_LBA
vars  41,   ACCUWRITE_TABLE
vars  42,   ADJUST_KLOOP_J
vars  43,   BITS4

*
* Following variable is mandatory gives buffer size 
* returned for read variable command
*
* Usual BufSize = (# of variables) * 3 + 1
*
* Exception for Pioneer = 512 
*
*

vars  512,  BufSize

