****************************************************************************
*
*                   Copyright (C) 1993 Quantum Corporation
*                            ALL RIGHTS RESERVED
*
*
*       Project Name:   DIAGS and other PROCESS Applications
*    Project Purpose:   Application Program to Drive Interface
*
*
*        Module Name:   GENERIC.ERR
*     Module Purpose:   GENERIC -- Error Code to English Translation
*      PVCS $Logfile:   U:/RSC/DIAGS/FORMATS/VCS/ENCORE.FMV  $  
*  Current $Revision:   1.0  $
*     Revision $Date:   23 Jul 1992 11:17:00  $
*   Revision $Author:   LANCEB  $
*
*
*     Current Author:   Lance Beazley
*         
*
* Version Released + to Documentation Control
*                  |
*    Date          |  Ver.    Name    Comments
*    --------      |  ----    ----    ------------------------------------
*    xx/xx/xx <----+->     
*
*#########################################################################*
*### VERSION CONTROL REVISION LOG ########################################*
*
*   $Log:   U:/RSC/DIAGS/FORMATS/VCS/ENCORE.FMV  $
* 
*
*
*#########################################################################*
*
* Create date: 01/15/93
*
* GENERIC Family Error Code data file for use with:
*                                     
*                              Program        Version
*                            -------------   ---------
*                               SCSIDIAG       3.00  (or later)
*                               ATADIAG        3.10  (or later)
*
*
* ERROR FILE RULES are as follows:
*
*    error <iec>,<key>,<code>,<qual>,<pkey> <english description>
*
* Where:
*
* 1. Comment lines start with an '*' in the first column. All other lines
*    that do not start with the word 'error' are ignored as well.
*
* 2. Error code lines start with the word 'error' in the first column. Case
*    is not significant. Following the key word 'error' are the drive's 
*    internal error code <iec>, the corresponding SCSI <key>, <code> and 
*    qualifier <qual>, the process control key <pkey> and an English 
*    description of the error. All numbers are seperated by commas. There is 
*    only white space between 'error' and the internal error code and between
*    the process control key and the English description. The description 
*    string may be an arbitrary length but most applications truncate it 
*    around 40 characters. A new line or tab delimits the far end of the 
*    string.
*
* 3. Error codes are not required to be in any order, however, most 
*    applications perform a linear search through the error code list that
*    is generated from this file so it can be faster if you put more common
*    codes at the top.
*
*#########################################################################*



  Key Word 'error'  (must start in first column)
  |
  |     Drive Internal Error Code  (AKA as AT Extended)
  |     |
  |     |   SCSI Sense Key
  |     |   |
  |     |   |  SCSI Sense Code
  |     |   |  |
  |     |   |  |  SCSI Sense Code Qualifier
  |     |   |  |  |
  |     |   |  |  |   Process Control Key
  |     |   |  |  |   |
  |     |   |  |  |   |   Error Code Description
  |     |   |  |  |   |   |                           
  |     |   |  |  |   |   |        10        20        30         40        50
*-V-----V---V--V--V---V---V--------v---------v---------v----------v---------v
error   0,  0,00,00,  0   No Error detected at Drive level
error   1,  4,01,00,  0   No index signal
error   2,  4,98,00,  0   Timeout in settling
error   3,  4,03,00,  0   Write fault
error   4,  1,02,00,  0   Recovered seek timeout error
error   5,  4,06,00,  0   Recalibrate failure
error   6,  4,B3,00,  0   Assertion error
error   7,  4,A6,00,  0   A & B servos not detected
error   8,  3,11,00,  0   Uncorrectable data ECC error
error   9,  1,17,00,  0   Error recovered with retries
error   A,  4,99,00,  0   Bump retry counter expired
error   B,  6,9A,00,  0   A target attempted to re-select the drive
error   C,  3,13,00,  0   Data sync timeout
error   D,  1,13,00,  0   Recovered data field sync timeout
error   E,  3,14,00,  0   No record found
error   F,  1,14,00,  0   Recovered no record found
error  10,  4,15,00,  0   Seek error
error  11,  1,15,00,  0   Recovered seek error
error  12,  3,16,00,  0   Data sync or marker not found
error  13,  1,16,00,  0   Recovered data sync or marker not found
error  14,  1,18,00,  0   Recovered data ECC error on last retry
error  15,  1,18,00,  0   Error recovered with ECC
error  16,  3,19,00,  0   Bad defect list
error  17, FF,FF,FF,  0   Unknown error code
error  18,  4,1B,00,  0   Synchronous request error
error  19,  3,1C,00,  0   No primary defect list found
error  1A,  5,9B,00,  0   Invalid period or offset specified in synchronous message
error  1B,  B,4E,00,  0   Overlapped commands attempted
error  1C,  5,20,00,  0   Invalid command
error  1D,  5,21,00,  0   Invalid LBA
error  1E,  1,A8,00,  0   Spurious interrupt
error  1F,  5,24,00,  0   Invalid field in CDB
error  20,  5,25,00,  0   Invalid LUN
error  21,  5,26,00,  0   Invalid bits set in parameters
error  22,  4,9D,00,  0   Motor never gets up to speed
error  23,  6,29,00,  0   Reset occurred
error  24,  6,2A,00,  0   Mode select parameters were changed
error  25, FF,FF,FF,  0   Unknown error code
error  26,  3,31,00,  0   Format failure
error  27,  4,32,00,  0   Defect table is full, no more entries available
error  28,  4,40,00,  0   Buffer RAM failure
error  29,  B,40,00,  0   RAM parity error
error  2A, FF,FF,FF,  0   Unknown error code
error  2B, FF,FF,FF,  0   Unknown error code
error  2C,  4,43,00,  0   Message rejected
error  2D, FF,FF,FF,  0   Unknown error code
error  2E,  B,45,00,  0   Initiator reselection timeout
error  2F,  4,9F,00,  0   Controller ROM checksum error
error  30,  B,47,00,  0   SCSI parity error
error  31,  B,48,00,  0   Initiator detected error
error  32,  4,A0,00,  0   External PROM checksum error
error  33,  3,80,00,  0   Can't write system sector
error  34,  4,81,00,  0   Can't read system data
error  35,  4,82,00,  0   No digital P1 or P2 signal
error  36,  4,83,00,  0   Analog P1 or P2 are bad
error  37,  4,84,00,  0   Sequencer WCS failure
error  38,  4,85,00,  0   Reject of message that should never have been sent
error  39,  4,86,00,  0   Unexpected sequencer error
error  3A,  1,86,00,  0   Recovered unexpected sequencer error
error  3B,  4,88,00,  0   Airlock stuck closed
error  3C,  4,89,00,  0   Bad head amplifier
error  3D,  4,8A,00,  0   Bad head select (head read in isn't selected head)
error  3E,  5,8A,00,  0   Invalid head specified
error  3F,  5,8B,00,  0   Invalid cylinder specified
error  40,  5,8C,00,  0   Attempt by init
error  41, FF,FF,FF,  0   Unknown error code
error  42,  6,8E,00,  0   Unexpected SIC interrupt occurred
error  43,  2,B0,00,  0   Drive is recalibrating
error  44,  2,B1,00,  0   Drive is spinning up
error  45,  2,B2,00,  0   Drive is waiting for command to start
error  46,  3,32,00,  0   No more spares available
error  47,  5,8F,00,  0   Invalid sector specified
error  48,  4,90,00,  0   Synchronous acknowledge error
error  49,  4,91,00,  0   FIFO unload error
error  4A,  4,92,00,  0   FIFO load error
error  4B,  4,93,00,  0   FIFO predicted full error
error  4C,  4,94,00,  0   Undocumented SCSI ASICs error
error  4D,  3,95,00,  0   Sequencer timeout
error  4E,  1,95,00,  0   Recovered sequencer timeout
error  4F,  4,96,00,  0   Bump timeout
error  50,  1,96,00,  0   Recovered bump
error  51,  4,87,00,  0   A & B servos could not be made equal
error  52,  4,A1,00,  0   Sequencer register failure
error  53,  4,02,00,  0   Seek timeout error
error  54,  4,A2,00,  0   External RAM failure
error  55,  3,A3,00,  0   Reassign Blocks sector read failure
error  56,  4,A4,00,  0   Bad thermistor
error  57, FF,FF,FF,  0   Unknown error code
error  58,  3,10,00,  0   All IDs have ECC error
error  59,  1,10,00,  0   Recovered ID ECC error
error  5A,  4,A7,00,  0   Offtrack timeout
error  5B, FF,FF,FF,  0   Unknown error code
error  5C, FF,FF,FF,  0   Unknown error code
error  5D,  3,AA,00,  0   Uncorrectable data read (reallocation)
error  5E,  1,AB,00,  0   Defect list type not supported
error  5F,  5,80,00,  0   Unknown error code
error  60,  1,98,00,  0   Recovered timeout in settling
error  61,  4,AC,00,  0   Airlock stuck open
error  62,  4,AD,00,  0   No servo interrupt
error  63,  3,97,00,  0   Underrun/overrun error
error  64,  1,97,00,  0   Recovered underrun/overrun error
error  65,  5,AE,00,  0   Bad parameter(s) in mode page
error  66,  5,1A,00,  0   Parameter list length error
error  67,  B,00,00,  0   Response for Abort message
error  68,  1,06,00,  0   Recovered prediction update
error  69,  4,9E,00,  0   Motor drops out of legal speed range
error  6A,  1,9E,00,  0   Recovered motor out of speed
error  6B,  4,AE,00,  0   Circle size cannot be adjusted
error  6C,  3,82,00,  0   Invalid system data
error  6D,  2,B9,00,  0   LOCKOUT condition, drive must be UNLOCKED
