****************************************************************************
*
*                   Copyright (C) 1993 Quantum Corporation
*                            ALL RIGHTS RESERVED
*
*
*       Project Name:   DIAGS and other PROCESS Applications
*    Project Purpose:   Application Program to Drive Interface
*
*
*        Module Name:   PIONEER.ERR
*     Module Purpose:   PIONEER -- Error Code to English Translation
*      PVCS $Logfile:   U:/RSC/DIAGS/FORMATS/VCS/ENCORE.FMV  $  
*  Current $Revision:   1.0  $
*     Revision $Date:   23 Jul 1992 11:17:00  $
*   Revision $Author:   LANCEB  $
*
*
*     Current Author:   Lance Beazley
*         
*
* Version Released + to Documentation Control
*                  |
*    Date          |  Ver.    Name    Comments
*    --------      |  ----    ----    ------------------------------------
*    xx/xx/xx <----+->     
*
*#########################################################################*
*### VERSION CONTROL REVISION LOG ########################################*
*
*   $Log:   U:/RSC/DIAGS/FORMATS/VCS/ENCORE.FMV  $
* 
*
*
*#########################################################################*
*
* Create date: 01/15/93
*
* PIONEER Family Error Code data file for use with:
*                                     
*                              Program        Version
*                            -------------   ---------
*                               SCSIDIAG       3.00  (or later)
*                               ATADIAG        3.10  (or later)
*
*
* ERROR FILE RULES are as follows:
*
*    error <iec>,<key>,<code>,<qual>,<pkey> <english description>
*
* Where:
*
* 1. Comment lines start with an '*' in the first column. All other lines
*    that do not start with the word 'error' are ignored as well.
*
* 2. Error code lines start with the word 'error' in the first column. Case
*    is not significant. Following the key word 'error' are the drive's 
*    internal error code <iec>, the corresponding SCSI <key>, <code> and 
*    qualifier <qual>, the process control key <pkey> and an English 
*    description of the error. All numbers are seperated by commas. There is 
*    only white space between 'error' and the internal error code and between
*    the process control key and the English description. The description 
*    string may be an arbitrary length but most applications truncate it 
*    around 40 characters. A new line or tab delimits the far end of the 
*    string.
*
* 3. Error codes are not required to be in any order, however, most 
*    applications perform a linear search through the error code list that
*    is generated from this file so it can be faster if you put more common
*    codes at the top.
*
*#########################################################################*



  Key Word 'error'  (must start in first column)
  |
  |     Drive Internal Error Code  (AKA as AT Extended)
  |     |
  |     |   SCSI Sense Key
  |     |   |
  |     |   |  SCSI Sense Code
  |     |   |  |
  |     |   |  |  SCSI Sense Code Qualifier
  |     |   |  |  |
  |     |   |  |  |   Process Control Key
  |     |   |  |  |   |
  |     |   |  |  |   |   Error Code Description
  |     |   |  |  |   |   |                           
  |     |   |  |  |   |   |        10        20        30         40        50
*-V-----V---V--V--V---V---V--------v---------v---------v----------v---------v
error   0,  0,00,00,  0   No Error detected at Drive level
error   1,  4,01,00,  0   No index signal
error   2,  4,98,00,  0   Timeout in settling
error   3,  4,03,00,  0   Write fault
error   4,  1,02,00,  0   Recovered seek timeout error 
error   5,  3,03,00,  0   Write fault
error   6,  1,B4,00,  0   Recoverd write fault 
error   7,  4,06,00,  0   Recalibrate failure
error   8,  0,00,00,  0   Not used 
error   9,  1,06,00,  0   Recovered prediction update
error   A,  3,11,00,  0   Uncorrectable data ECC error 
error   B,  1,17,00,  0   Error recovered with retries 
error   C,  4,99,00,  0   Bump retry counter expired
error   D,  6,9A,00,  0   A target attempted to re-select Batman
error   E,  3,13,00,  0   Data field sync timeout 
error   F,  1,13,00,  0   Recovered data field sync timeout 
error  10,  3,14,00,  0   No record found 
error  11,  1,14,00,  0   Recovered no record found 
error  12,  4,15,00,  0   Seek error
error  13,  1,15,00,  0   Recovered seek error
error  14,  3,16,00,  0   Data sync or marker not found 
error  15,  1,16,00,  0   Recovered data sync or marker not found 
error  16,  1,18,00,  0   Error recovered with ECC, 2 syndromes equal 
error  17,  1,18,00,  0   Error recovered with ECC, 2 syndromes equal (PER) 
error  18,  3,19,00,  0   Bad defect list 
error  19,  5,1A,00,  0   Parameter overrun 
error  1A,  4,1B,00,  0   Synchronous transfer error
error  1B,  3,1C,00,  0   No primary defect list found
error  1C,  5,9B,00,  0   Invalid synchronous offset or period in message 
error  1D,  5,9C,00,  0   Active initiator selected us while disconnected
error  1E,  5,20,00,  0   Invalid command 
error  1F,  5,21,00,  0   Invalid LBA 
error  20,  5,22,00,  0   Invalid function
error  21,  5,24,00,  0   Invalid bits set in CDB 
error  22,  5,25,00,  0   Invalid LUN 
error  23,  5,26,00,  0   Invalid bits set in parameters
error  24,  4,9D,00,  0   Motor never gets up to speed
error  25,  6,29,00,  0   Reset occurred
error  26,  6,2A,00,  0   Mode select parameters were changed 
error  27,  1,11,00,  0   Recovered data ECC error on last retry
error  28,  1,11,00,  0   Recovered data ECC error on last retry (PER)
error  29,  4,32,00,  0   Defect table is full, no more entries available 
error  2A,  4,40,00,  0   RAM error 
error  2B,  B,40,00,  0   RAM parity error
error  2C,  0,00,00,  0   Not used
error  2D,  0,00,00,  0   Not used
error  2E,  4,43,00,  0   Message rejected
error  2F,  4,87,00,  0   Logical assertion/firmware consistency check error 
error  30,  B,45,00,  0   Initiator did not reselect in time
error  31,  4,9F,00,  0   Internal ROM checksum error 
error  32,  B,47,00,  0   SCSI parity error 
error  33,  B,48,00,  0   Initiator detected error
error  34,  4,A0,00,  0   External PROM checksum error
error  35,  3,80,00,  0   Error in writing a system sector
error  36,  3,81,00,  0   Error in reading from a system sector 
error  37,  4,9E,00,  0   Motor drops out of legal speed range
error  38,  1,9E,00,  0   Recovered motor out of speed
error  39,  4,84,00,  0   Failure writing to sequencer format parameter RAM
error  3A,  4,85,00,  0   Reject of message that should never have been sent
error  3B,  4,86,00,  0   Unexpected sequencer error
error  3C,  1,86,00,  0   Recovered unexpected sequencer error
error  3D,  B,00,00,  0   Response for Abort message
error  3E,  4,89,00,  0   Bad head amplifier
error  3F,  4,8A,00,  0   Bad head select (head read in isn't selected head)
error  40,  5,8A,00,  0   Invalid head specified
error  41,  5,8B,00,  0   Invalid cylinder specified
error  42,  5,8C,00,  0   Active initiator selected us again while disconnected 
error  43,  5,8D,00,  0   Bytes per block/bytes per sector gives a remainder
error  44,  6,8E,00,  0   Unexpected SIC interrupt occurred 
error  45,  2,B0,00,  0   Drive is recalibrating
error  46,  2,B1,00,  0   Drive is spinning up
error  47,  2,B2,00,  0   Drive has not been told to spin up
error  48,  3,32,00,  0   No more alternate sectors available 
error  49,  5,8F,00,  0   Invalid sector specified
error  4A,  4,90,00,  0   Synchronous acknowledge error 
error  4B,  4,91,00,  0   FIFO unload error 
error  4C,  4,92,00,  0   FIFO load error 
error  4D,  4,93,00,  0   FIFO predicted full error 
error  4E,  4,94,00,  0   Undocumented SPICY error
error  4F,  3,95,00,  0   Sequencer timeout 
error  50,  1,95,00,  0   Recovered Sequencer timeout 
error  51,  4,96,00,  0   Bump timeout
error  52,  1,96,00,  0   Recovered bump
error  53,  E,1D,00,  0   Read Buffer comand miscompare 
error  54,  4,A1,00,  0   Sequencer rollover register failure 
error  55,  4,02,00,  0   Seek timeout error
error  56,  1,02,00,  0   Recovered seek timeout
error  57,  3,A3,00,  0   Sector read during Reassign Blocks cmd failed
error  58,  5,AE,00,  0   Bad parameter(s) in mode page 
error  59,  3,31,00,  0   FDPE write during Format Unit Command failed
error  5A,  3,10,00,  0   ID ECC error
error  5B,  1,10,00,  0   Recovered ID ECC error
error  5C,  4,A7,00,  0   Offtrack timeout
error  5D,  0,00,00,  0   Not used
error  5E,  0,00,00,  0   Not used
error  5F,  3,AA,00,  0   Reallocated uncorrectable data read 
error  60,  1,AB,00,  0   Read Defect Data format not available
error  61, FF,FF,FF,  0   Not used
error  62,  1,98,00,  0   Recovered settle time out error
error  63,  3,97,00,  0   Underrun error
error  64,  1,97,00,  0   Recovered underrun error
error  65,  4,06,00,  0   RCL FLT-TMO GETTING BURST DATA CALC_SLOPE 
error  66,  4,06,00,  0   RCL FLT-AEQBM <= OFFSET VALUECALC_SLP
error  67,  4,06,00,  0   RCL FLT-AEQBH > 0FFH CALC_SLP
error  68,  4,06,00,  0   RCL FLT-TMO GETTING BURST DATA FINE_CALC_SLP
error  69,  4,06,00,  0   RCL FLT-AEQBNOT IN RANGE FINE_CALC_SLP
error  6A,  4,06,00,  0   RCL FLT-AEQBH <= MID VALUE FINE_CALC_SL
error  6B,  4,06,00,  0   RCL FLT-AEQBL >= MID VALUE FINE_CALC_SL
error  6C,  4,06,00,  0   RCL FLT-AEQBH & LOW TOO CLOSEFINE_CALC_SLP
error  6D,  4,06,00,  0   RCL FLT-IF SLOPE >= 256CALC_KLTG
error  6E,  4,06,00,  0   RCL FLT-NO SAM UN_PARKING
error  6F,  4,06,00,  0   RCL FLT-SEEK TIMEOUT IN RECAL
error  70,  4,06,00,  0   RCL FLT-TIMED OUT GETTING HEAD OFFSETS
error  71,  4,FF,00,  0   Time out spinning from STANDBY/IDLE to active 
error  72,  4,FF,00,  0   Autowrite cmd received while host channel disabled 
error  73,  4,FF,00,  0   Host time out in DATA_IN,DATA_OUT subroutines 
error  74,  4,FF,00,  0   Host issued CHECK POWER cmd when not in power mode 
error  75,  4,FF,00,  0   ID not found 
error  76,  4,FF,00,  0   Bad descriptor
error  77,  3,14,00,  0   Bad Block Mark set for ID 
error  78,  4,AC,00,  0   EC_LATCH_OPENLatch stuck open
error  79,  4,9C,00,  0   EC_SPIN_TIMEOUTSpin up timeout in selfscan test
error  7A,  4,B3,00,  0   EC_FATAL_ERROR Servo gets lost due to seek error 
error  7B,  4,06,00,  0   EC_DAC_CENTER DAC center circuit failure
error  7C,  3,B5,00,  0   EC_BAD_SYNC
error  7D,  1,B5,00,  0   EC_REC_BAD_SYNC
error  7E,  3,B6,00,  0   EC_BAD_SAM
error  7F,  1,B6,00,  0   EC_REC_BAD_SAM
error  80,  3,B7,00,  0   EC_BAD_DATA
error  81,  1,B7,00,  0   EC_REC_BAD_DATA
error  82,  3,B8,00,  0   EC_SERVO_DEFECT
error  83,  1,B8,00,  0   EC_REC_SERVO_DEFECT
error  84,  3,B9,00,  0   EC_OFF_TRACK
error  85,  1,B9,00,  0   EC_REC_OFF_TRACK
error  86,  3,BA,00,  0   EC_LOST_LOCK
error  87,  1,BA,00,  0   EC_REC_LOST_LOCK
error  88,  5,C2,00,  0   EC_NA_COMMAND Apple command is not applicable for pioneer
error  89,  2,C0,00,  0   EC_BURN_IN_TEST Apple Burn In Test in progress 
error  8A,  3,31,00,  0   EC_MED_FMT_CORRPT Apple Medium Format Corrupted
error  8B,  4,BB,00,  0   RCL FLT- drive is 40MB down graded from 120MB or 160MB 
error  8C,  3,BC,00,  0   RCL FLT- Error reading drive serial # from disk 

*  AT start-up errors

start  32,  Defect Table is Full
start  35,  Spindle motor
start  40,  Ram Error
start  63,  Time out getting burst data
start  64,  Offset Value out of Range
start  65,  Offset Value out of Range
start  66,  Timeout getting burst data
start  67,  A&B Burst Values out of Range
start  68,  A&B Burst Values out of Range
start  69,  A&B Burst Values out of Range
start  6a,  A&B Burst Values out of Range
start  6b,  A&B Burst Values out of Range
start  6c,  Unparked Failure
start  6d,  Recal Sk Timeout
start  6e,  Time out in getting head offsets
start  89,  Bad Head Amplifier
start  a0,  Eprom CheckSum Error

*  Drive variables list

vars   0,   NULLI
vars   1,   NULLI_SLP
vars   2,   NULLI_OFFS
vars   3,   SS_ERROR_FLAG
vars   4,   RECAL_MUX_OUT
vars   5,   FATAL_ERROR_CODE
vars   6,   REVISION
vars   7,   GENERIC_ERROR_BASE
vars   8,   SS_VERSION
vars   9,   HEAD_OFFS_TBL
vars  10,   BITS2
vars  11,   HDA_FLAGS
vars  12,   MODE
vars  13,   RCL_ERROR_CODE
vars  14,   NORM_INDEX_TOUT
vars  15,   KLOOP
vars  16,   SAM2SAM
vars  17,   SERVO_STATUS
vars  18,   AEQBL
vars  19,   AEQBM
vars  20,   AEQBH
vars  21,   SLP
vars  22,   KLTG
vars  23,   AEQBL_TBL
vars  24,   AEQBM_TBL
vars  25,   AEQBH_TBL
vars  26,   SLP_TBL
vars  27,   KLTG_TBL
vars  28,   ST_FF_ACL
vars  29,   ST_FF_DCL
vars  30,   FF_INT_IN
vars  31,   FF_INT_OUT
vars  32,   M_NULLI
vars  33,   B_NULLI
vars  34,   HEAD_MAP
vars  35,   BITS3

vars  36,   BUMP_COUNTER
vars  37,   AW_LBA
vars  38,   ACCUWRITE_TABLE
vars  39,   DISKWARE_F1

vars  40,   U_LTTG
vars  41,   VCMD
vars  42,   VACT
vars  43,   VERR
vars  44,   CMD_TK
vars  45,   FF
vars  46,   SK_LEN
vars  47,   DAC_ZERO_I
vars  48,   BASE_KLOOP
vars  49,   KV
vars  50,   KACL
vars  51,   POS_OFFS
vars  52,   EST_TK
vars  53,   FF_INT
vars  54,   FF_INT_FRAC
vars  55,   SHORT_DCL_FF
vars  56,   BITS0
vars  57,   BITS1
vars  58,   SVO_FLGS
vars  59,   LST_SVO_FLGS
vars  60,   BAD_AM_COUNT
vars  61,   A_BURST
vars  62,   B_BURST
vars  63,   C_BURST
vars  64,   STL_CNT
vars  65,   CTRL_BITS_SHDW
vars  66,   RCL_ERROR_CODE
vars  67,   P0
vars  68,   P1
vars  69,   P2
vars  70,   P3
vars  71,   STATUS_BITS
vars  72,   RECORD_STATUS
vars  73,   OUT1
vars  74,   WRB_ADDRS
vars  75,   CALC_FINE_SLP
vars  76,   CYLS_PER_DRIVE
vars  77,   WR_BUMP_LIMIT

*
* Following variable is mandatory gives buffer size 
* returned for read variable command
*
* Usual BufSize = (# of variables) * 3 + 1
*
* Exception for Pioneer = 512 
*
*

vars  512,  BufSize

