
PKWARE software can also be ordered through the following
 dealers and distributors in the countries listed.

Shareware Marketing Ltd.
 [030] 0297 24088
 3a Queen St.
 Seaton Devon EX12 2NY
 UNITED KINGDOM

Choice Marketing Software Club
 [09] 459-8894
 PO Box 280
 Maddington WA 6109
 AUSTRALIA

Logibyte Software & Bucher GMBH
 [30] 324 3061
 Kurfurstendamm 100
 D-1000 Berlin 31
 GERMANY

Rainer Tausend Soft und Hardware
 [68] 518 2847
 Dillingstr 40
 St. Wendel 15 6690
 GERMANY

Manfred Luft Software
 [76] 158 0526
 Wadstrasse 20A
 Gundelfingen 7803
 GERMANY

Kohgaku-sha Group
 [03]320-1884
 Zenraku Bldg, 1-37-1 Yoyogi
 Shibuya-ku, TOKYO 151
 JAPAN

Knut Angstrom Konsult AB
 [8] 737-1611
 Huvndskarsv. 32
 S-121 54 Johanneshov
 SWEDEN

